#
# There is insufficient memory for the Java Runtime Environment to continue.
# Native memory allocation (mmap) failed to map 132120576 bytes for G1 virtual space
# Possible reasons:
#   The system is out of physical RAM or swap space
#   The process is running with CompressedOops enabled, and the Java Heap may be blocking the growth of the native heap
# Possible solutions:
#   Reduce memory load on the system
#   Increase physical memory or swap space
#   Check if swap backing store is full
#   Decrease Java heap size (-Xmx/-Xms)
#   Decrease number of Java threads
#   Decrease Java thread stack sizes (-Xss)
#   Set larger code cache with -XX:ReservedCodeCacheSize=
#   JVM is running with Unscaled Compressed Oops mode in which the Java heap is
#     placed in the first 4GB address space. The Java Heap base address is the
#     maximum limit for the native heap growth. Please use -XX:HeapBaseMinAddress
#     to set the Java Heap base and to place the Java Heap above 4GB virtual address.
# This output file may be truncated or incomplete.
#
#  Out of Memory Error (os_windows.cpp:3530), pid=9776, tid=25208
#
# JRE version:  (18.0.2+9) (build )
# Java VM: Java HotSpot(TM) 64-Bit Server VM (18.0.2+9-61, mixed mode, sharing, tiered, compressed oops, compressed class ptrs, g1 gc, windows-amd64)
# No core dump will be written. Minidumps are not enabled by default on client versions of Windows
#

---------------  S U M M A R Y ------------

Command Line: -Dfile.encoding=UTF-8 -XX:+ShowCodeDetailsInExceptionMessages com.pizzaprops.PizzaPropsMain

Host: Intel(R) Core(TM) i5-10300H CPU @ 2.50GHz, 8 cores, 7G,  Windows 10 , 64 bit Build 19041 (10.0.19041.3636)
Time: Fri Apr 26 11:55:31 2024 India Standard Time elapsed time: 0.013266 seconds (0d 0h 0m 0s)

---------------  T H R E A D  ---------------

Current thread (0x0000020159fe6ba0):  JavaThread "Unknown thread" [_thread_in_vm, id=25208, stack(0x0000001643100000,0x0000001643200000)]

Stack: [0x0000001643100000,0x0000001643200000]
Native frames: (J=compiled Java code, j=interpreted, Vv=VM code, C=native code)
V  [jvm.dll+0x6993ca]
V  [jvm.dll+0x7f481d]
V  [jvm.dll+0x7f612e]
V  [jvm.dll+0x7f67e3]
V  [jvm.dll+0x25cdaf]
V  [jvm.dll+0x696319]
V  [jvm.dll+0x68ae4a]
V  [jvm.dll+0x3223eb]
V  [jvm.dll+0x329dc6]
V  [jvm.dll+0x37eade]
V  [jvm.dll+0x37ed0f]
V  [jvm.dll+0x2fa16a]
V  [jvm.dll+0x2fb1cd]
V  [jvm.dll+0x7c3450]
V  [jvm.dll+0x38be61]
V  [jvm.dll+0x7a2073]
V  [jvm.dll+0x40dc3f]
V  [jvm.dll+0x40f611]
C  [jli.dll+0x526b]
C  [ucrtbase.dll+0x21bb2]
C  [KERNEL32.DLL+0x17344]
C  [ntdll.dll+0x526b1]


---------------  P R O C E S S  ---------------

Threads class SMR info:
_java_thread_list=0x00007ffc8672e550, length=0, elements={
}

Java Threads: ( => current thread )

Other Threads:
  0x000002015a0466f0 WorkerThread "GC Thread#0" [stack: 0x0000001643200000,0x0000001643300000] [id=22996]
  0x000002015a05a6c0 ConcurrentGCThread "G1 Main Marker" [stack: 0x0000001643300000,0x0000001643400000] [id=22408]
  0x000002015a05afc0 WorkerThread "G1 Conc#0" [stack: 0x0000001643400000,0x0000001643500000] [id=2896]

[error occurred during error reporting (printing all threads), id 0xc0000005, EXCEPTION_ACCESS_VIOLATION (0xc0000005) at pc=0x00007ffc85f5a707]

VM state: not at safepoint (not fully initialized)

VM Mutex/Monitor currently owned by a thread:  ([mutex/lock_event])
[0x0000020159fe28d0] Heap_lock - owner thread: 0x0000020159fe6ba0

Heap address: 0x0000000083200000, size: 1998 MB, Compressed Oops mode: 32-bit

CDS archive(s) mapped at: [0x0000000000000000-0x0000000000000000-0x0000000000000000), size 0, SharedBaseAddress: 0x0000000800000000, ArchiveRelocationMode: 0.
Narrow klass base: 0x0000000000000000, Narrow klass shift: 0, Narrow klass range: 0x0

GC Precious Log:
 CardTable entry size: 512
 Card Set container configuration: InlinePtr #cards 5 size 8 Array Of Cards #cards 12 size 40 Howl #buckets 4 coarsen threshold 1843 Howl Bitmap #cards 512 size 80 coarsen threshold 460 Card regions per heap region 1 cards per card region 2048

Heap:
 garbage-first heap   total 0K, used 0K [0x0000000083200000, 0x0000000100000000)
  region size 1024K, 0 young (0K), 0 survivors (0K)

[error occurred during error reporting (printing heap information), id 0xc0000005, EXCEPTION_ACCESS_VIOLATION (0xc0000005) at pc=0x00007ffc86341859]

GC Heap History (0 events):
No events

Deoptimization events (0 events):
No events

Classes loaded (0 events):
No events

Classes unloaded (0 events):
No events

Classes redefined (0 events):
No events

Internal exceptions (0 events):
No events

VM Operations (0 events):
No events

Events (1 events):
Event: 0.009 Loaded shared library C:\Program Files\Java\jdk-18.0.2\bin\java.dll


Dynamic libraries:
0x00007ff7fdd10000 - 0x00007ff7fdd20000 	C:\Program Files\Java\jdk-18.0.2\bin\javaw.exe
0x00007ffd264d0000 - 0x00007ffd266c8000 	C:\WINDOWS\SYSTEM32\ntdll.dll
0x00007ffd24560000 - 0x00007ffd2461d000 	C:\WINDOWS\System32\KERNEL32.DLL
0x00007ffd23d50000 - 0x00007ffd24046000 	C:\WINDOWS\System32\KERNELBASE.dll
0x00007ffd24050000 - 0x00007ffd24150000 	C:\WINDOWS\System32\ucrtbase.dll
0x00007ffcd2530000 - 0x00007ffcd2548000 	C:\Program Files\Java\jdk-18.0.2\bin\jli.dll
0x00007ffce43b0000 - 0x00007ffce43ca000 	C:\Program Files\Java\jdk-18.0.2\bin\VCRUNTIME140.dll
0x00007ffd25c70000 - 0x00007ffd25d20000 	C:\WINDOWS\System32\ADVAPI32.dll
0x00007ffd25010000 - 0x00007ffd250ae000 	C:\WINDOWS\System32\msvcrt.dll
0x00007ffd251e0000 - 0x00007ffd25280000 	C:\WINDOWS\System32\sechost.dll
0x00007ffd261b0000 - 0x00007ffd262d3000 	C:\WINDOWS\System32\RPCRT4.dll
0x00007ffd23b80000 - 0x00007ffd23ba7000 	C:\WINDOWS\System32\bcrypt.dll
0x00007ffd255a0000 - 0x00007ffd2573f000 	C:\WINDOWS\System32\USER32.dll
0x00007ffd23bb0000 - 0x00007ffd23bd2000 	C:\WINDOWS\System32\win32u.dll
0x00007ffd25330000 - 0x00007ffd2535b000 	C:\WINDOWS\System32\GDI32.dll
0x00007ffd08980000 - 0x00007ffd08c1a000 	C:\WINDOWS\WinSxS\amd64_microsoft.windows.common-controls_6595b64144ccf1df_6.0.19041.3636_none_60b6a03d71f818d5\COMCTL32.dll
0x00007ffd243e0000 - 0x00007ffd244f7000 	C:\WINDOWS\System32\gdi32full.dll
0x00007ffd241e0000 - 0x00007ffd2427d000 	C:\WINDOWS\System32\msvcp_win.dll
0x00007ffd16ef0000 - 0x00007ffd16efa000 	C:\WINDOWS\SYSTEM32\VERSION.dll
0x00007ffd25280000 - 0x00007ffd252b2000 	C:\WINDOWS\System32\IMM32.DLL
0x00007ffd0f260000 - 0x00007ffd0f26c000 	C:\Program Files\Java\jdk-18.0.2\bin\vcruntime140_1.dll
0x00007ffcbae20000 - 0x00007ffcbaead000 	C:\Program Files\Java\jdk-18.0.2\bin\msvcp140.dll
0x00007ffc85c50000 - 0x00007ffc86861000 	C:\Program Files\Java\jdk-18.0.2\bin\server\jvm.dll
0x00007ffd24620000 - 0x00007ffd24628000 	C:\WINDOWS\System32\PSAPI.DLL
0x00007ffd1a270000 - 0x00007ffd1a297000 	C:\WINDOWS\SYSTEM32\WINMM.dll
0x00007ffcf8010000 - 0x00007ffcf8019000 	C:\WINDOWS\SYSTEM32\WSOCK32.dll
0x00007ffd252c0000 - 0x00007ffd2532b000 	C:\WINDOWS\System32\WS2_32.dll
0x00007ffd223a0000 - 0x00007ffd223b2000 	C:\WINDOWS\SYSTEM32\kernel.appcore.dll
0x00007ffd0d120000 - 0x00007ffd0d12a000 	C:\Program Files\Java\jdk-18.0.2\bin\jimage.dll
0x00007ffd22090000 - 0x00007ffd22274000 	C:\WINDOWS\SYSTEM32\DBGHELP.DLL
0x00007ffd1a230000 - 0x00007ffd1a264000 	C:\WINDOWS\SYSTEM32\dbgcore.DLL
0x00007ffd24150000 - 0x00007ffd241d2000 	C:\WINDOWS\System32\bcryptPrimitives.dll
0x00007ffcd0130000 - 0x00007ffcd0155000 	C:\Program Files\Java\jdk-18.0.2\bin\java.dll

dbghelp: loaded successfully - version: 4.0.5 - missing functions: none
symbol engine: initialized successfully - sym options: 0x614 - pdb path: .;C:\Program Files\Java\jdk-18.0.2\bin;C:\WINDOWS\SYSTEM32;C:\WINDOWS\WinSxS\amd64_microsoft.windows.common-controls_6595b64144ccf1df_6.0.19041.3636_none_60b6a03d71f818d5;C:\Program Files\Java\jdk-18.0.2\bin\server

VM Arguments:
jvm_args: -Dfile.encoding=UTF-8 -XX:+ShowCodeDetailsInExceptionMessages 
java_command: com.pizzaprops.PizzaPropsMain
java_class_path (initial): D:\Surendhar\Programming\Java\Pizza Ordering System\bin
Launcher Type: SUN_STANDARD

[Global flags]
     intx CICompilerCount                          = 4                                         {product} {ergonomic}
     uint ConcGCThreads                            = 2                                         {product} {ergonomic}
     uint G1ConcRefinementThreads                  = 8                                         {product} {ergonomic}
   size_t G1HeapRegionSize                         = 1048576                                   {product} {ergonomic}
    uintx GCDrainStackTargetSize                   = 64                                        {product} {ergonomic}
   size_t InitialHeapSize                          = 132120576                                 {product} {ergonomic}
   size_t MarkStackSize                            = 4194304                                   {product} {ergonomic}
   size_t MaxHeapSize                              = 2095054848                                {product} {ergonomic}
   size_t MinHeapDeltaBytes                        = 1048576                                   {product} {ergonomic}
   size_t MinHeapSize                              = 8388608                                   {product} {ergonomic}
    uintx NonNMethodCodeHeapSize                   = 5839372                                {pd product} {ergonomic}
    uintx NonProfiledCodeHeapSize                  = 122909434                              {pd product} {ergonomic}
    uintx ProfiledCodeHeapSize                     = 122909434                              {pd product} {ergonomic}
    uintx ReservedCodeCacheSize                    = 251658240                              {pd product} {ergonomic}
     bool SegmentedCodeCache                       = true                                      {product} {ergonomic}
     bool ShowCodeDetailsInExceptionMessages       = true                                   {manageable} {command line}
   size_t SoftMaxHeapSize                          = 2095054848                             {manageable} {ergonomic}
     bool UseCompressedClassPointers               = true                           {product lp64_product} {ergonomic}
     bool UseCompressedOops                        = true                           {product lp64_product} {ergonomic}
     bool UseG1GC                                  = true                                      {product} {ergonomic}
     bool UseLargePagesIndividualAllocation        = false                                  {pd product} {ergonomic}

Logging:
Log output configuration:
 #0: stdout all=warning uptime,level,tags foldmultilines=false
 #1: stderr all=off uptime,level,tags foldmultilines=false

Environment Variables:
JAVA_HOME=C:\Program Files\Java\jdk-18.0.2\
PATH=C:\Oracle\db_home\bin;C:\Program Files\Common Files\Oracle\Java\javapath;C:\Program Files (x86)\Common Files\Oracle\Java\javapath;C:\Windows\system32;C:\Windows;C:\Windows\System32\Wbem;C:\Windows\System32\WindowsPowerShell\v1.0\;C:\Windows\System32\OpenSSH\;C:\Program Files (x86)\NVIDIA Corporation\PhysX\Common;C:\Program Files\NVIDIA Corporation\NVIDIA NvDLISR;C:\WINDOWS\system32;C:\WINDOWS;C:\WINDOWS\System32\Wbem;C:\WINDOWS\System32\WindowsPowerShell\v1.0\;C:\WINDOWS\System32\OpenSSH\;C:\Program Files\dotnet\;C:\Program Files\CodeBlocks\MinGW\bin;C:\mysql\bin;C:\Program Files\MySQL\MySQL Shell 8.0\bin\;C:\Users\suren\AppData\Local\Programs\Python\Python310\Scripts\;C:\Users\suren\AppData\Local\Programs\Python\Python310\;C:\Users\suren\AppData\Local\Microsoft\WindowsApps;C:\Users\suren\AppData\Local\Programs\Microsoft VS Code\bin;C:\Users\suren\AppData\Local\GitHubDesktop\bin;C:\modeltech64_10.5\win64;E:\Flutter\flutte;C:\Program Files\Git\cmd;C:\Program Files\Git\mingw64\bin;C:\Program Files\Git\usr\bin;C:\Users\suren\AppData\Local\Android\Sdk;C:\Users\suren\AppData\Local\Android\Sdk\cmdline-tools\latest\bin;C:\Program Files\Java\jdk-18.0.2\bin;C:\Program Files\nodejs\;C:\Program Files\Redis\;C:\Program Files\Microsoft SQL Server\150\Tools\Binn\;C:\Program Files\Microsoft SQL Server\Client SDK\ODBC\170\Tools\Binn\;C:\Program Files (x86)\Microsoft SQL Server\160\DTS\Binn\;C:\Program Files (x86)\Microsoft SQL Server\160\Tools\Binn\;C:\Program Files\Microsoft SQL Server\160\Tools\Binn\;C:\Program Files\Microsoft SQL Server\160\DTS\Binn\;C:\Program Files\MySQL\MySQL Shell 8.0\bin\;C:\Users\suren\AppData\Local\Programs\Python\Python310\Scripts\;C:\Users\suren\AppData\Local\Programs\Python\Python310\;C:\Users\suren\AppData\Local\Microsoft\WindowsApps;C:\Users\suren\AppData\Local\Programs\Microsoft VS Code\bin;C:\modeltech64_10.5\win64;E:\Flutter\flutter\bin;C:\Program Files\JetBrains\IntelliJ IDEA Community Edition 2023.1.1\bin;;C:\Users\suren\AppData\Local\Android\Sdk;C:\Users\suren\AppData\Local\Android\Sdk\cmdline-tools\latest\bin;C:\Users\suren\AppData\Local\GitHubDesktop\bin;C:\Program Files\Java\jdk-18.0.2\bin;C:\Users\suren\AppData\Roaming\npm;C:\Program Files\Azure Data Studio\bin;C:\Users\suren\AppData\Local\Programs\mongosh\
USERNAME=Surendhar
OS=Windows_NT
PROCESSOR_IDENTIFIER=Intel64 Family 6 Model 165 Stepping 2, GenuineIntel



---------------  S Y S T E M  ---------------

OS:
 Windows 10 , 64 bit Build 19041 (10.0.19041.3636)
OS uptime: 1 days 2:19 hours

CPU: total 8 (initial active 8) (4 cores per cpu, 2 threads per core) family 6 model 165 stepping 2 microcode 0xf8, cx8, cmov, fxsr, ht, mmx, 3dnowpref, sse, sse2, sse3, ssse3, sse4.1, sse4.2, popcnt, lzcnt, tsc, tscinvbit, avx, avx2, aes, erms, clmul, bmi1, bmi2, adx, fma, vzeroupper, clflush, clflushopt

Memory: 4k page, system-wide physical 7985M (750M free)
TotalPageFile size 15490M (AvailPageFile size 97M)
current process WorkingSet (physical memory assigned to process): 10M, peak: 10M
current process commit charge ("private bytes"): 60M, peak: 186M

vm_info: Java HotSpot(TM) 64-Bit Server VM (18.0.2+9-61) for windows-amd64 JRE (18.0.2+9-61), built on Jun  7 2022 13:09:01 by "mach5one" with MS VC++ 16.8 / 16.9 (VS2019)

END.
